<?xml version="1.0" encoding="UTF-8"?>
<coverage generated="1758310210902" clover="3.2.0">
  <project timestamp="1758310210902" name="All files">
    <metrics statements="36" coveredstatements="36" conditionals="14" coveredconditionals="14" methods="19" coveredmethods="19" elements="69" coveredelements="69" complexity="0" loc="36" ncloc="36" packages="1" files="1" classes="1"/>
    <file name="heroes.js" path="D:\js_homeworks\hw_match\src\js\heroes.js">
      <metrics statements="36" coveredstatements="36" conditionals="14" coveredconditionals="14" methods="19" coveredmethods="19"/>
      <line num="3" count="18" type="stmt"/>
      <line num="12" count="18" type="cond" truecount="4" falsecount="0"/>
      <line num="13" count="17" type="stmt"/>
      <line num="15" count="1" type="stmt"/>
      <line num="17" count="17" type="cond" truecount="2" falsecount="0"/>
      <line num="18" count="16" type="stmt"/>
      <line num="20" count="1" type="stmt"/>
      <line num="23" count="16" type="stmt"/>
      <line num="24" count="16" type="stmt"/>
      <line num="25" count="16" type="stmt"/>
      <line num="26" count="16" type="stmt"/>
      <line num="30" count="13" type="stmt"/>
      <line num="34" count="13" type="cond" truecount="2" falsecount="0"/>
      <line num="35" count="12" type="stmt"/>
      <line num="36" count="12" type="cond" truecount="2" falsecount="0"/>
      <line num="38" count="1" type="stmt"/>
      <line num="43" count="10" type="stmt"/>
      <line num="47" count="7" type="cond" truecount="2" falsecount="0"/>
      <line num="48" count="6" type="stmt"/>
      <line num="49" count="6" type="stmt"/>
      <line num="50" count="6" type="cond" truecount="2" falsecount="0"/>
      <line num="52" count="1" type="stmt"/>
      <line num="59" count="1" type="stmt"/>
      <line num="65" count="1" type="stmt"/>
      <line num="71" count="3" type="stmt"/>
      <line num="74" count="3" type="stmt"/>
      <line num="78" count="3" type="stmt"/>
      <line num="82" count="3" type="stmt"/>
      <line num="86" count="2" type="stmt"/>
      <line num="92" count="1" type="stmt"/>
      <line num="98" count="2" type="stmt"/>
      <line num="104" count="3" type="stmt"/>
      <line num="107" count="3" type="stmt"/>
      <line num="111" count="3" type="stmt"/>
      <line num="115" count="3" type="stmt"/>
      <line num="119" count="2" type="stmt"/>
    </file>
  </project>
</coverage>
