TN:
SF:src\js\heroes.js
FN:2,(anonymous_0)
FN:29,(anonymous_1)
FN:33,(anonymous_2)
FN:42,(anonymous_3)
FN:46,(anonymous_4)
FN:58,(anonymous_5)
FN:64,(anonymous_6)
FN:70,(anonymous_7)
FN:73,(anonymous_8)
FN:77,(anonymous_9)
FN:81,(anonymous_10)
FN:85,(anonymous_11)
FN:91,(anonymous_12)
FN:97,(anonymous_13)
FN:103,(anonymous_14)
FN:106,(anonymous_15)
FN:110,(anonymous_16)
FN:114,(anonymous_17)
FN:118,(anonymous_18)
FNF:19
FNH:19
FNDA:18,(anonymous_0)
FNDA:13,(anonymous_1)
FNDA:13,(anonymous_2)
FNDA:10,(anonymous_3)
FNDA:7,(anonymous_4)
FNDA:1,(anonymous_5)
FNDA:1,(anonymous_6)
FNDA:3,(anonymous_7)
FNDA:3,(anonymous_8)
FNDA:3,(anonymous_9)
FNDA:3,(anonymous_10)
FNDA:2,(anonymous_11)
FNDA:1,(anonymous_12)
FNDA:2,(anonymous_13)
FNDA:3,(anonymous_14)
FNDA:3,(anonymous_15)
FNDA:3,(anonymous_16)
FNDA:3,(anonymous_17)
FNDA:2,(anonymous_18)
DA:3,18
DA:12,18
DA:13,17
DA:15,1
DA:17,17
DA:18,16
DA:20,1
DA:23,16
DA:24,16
DA:25,16
DA:26,16
DA:30,13
DA:34,13
DA:35,12
DA:36,12
DA:38,1
DA:43,10
DA:47,7
DA:48,6
DA:49,6
DA:50,6
DA:52,1
DA:59,1
DA:65,1
DA:71,3
DA:74,3
DA:78,3
DA:82,3
DA:86,2
DA:92,1
DA:98,2
DA:104,3
DA:107,3
DA:111,3
DA:115,3
DA:119,2
LF:36
LH:36
BRDA:12,0,0,17
BRDA:12,0,1,1
BRDA:12,1,0,18
BRDA:12,1,1,17
BRDA:17,2,0,16
BRDA:17,2,1,1
BRDA:34,3,0,12
BRDA:34,3,1,1
BRDA:36,4,0,8
BRDA:36,4,1,4
BRDA:47,5,0,6
BRDA:47,5,1,1
BRDA:50,6,0,4
BRDA:50,6,1,2
BRF:14
BRH:14
end_of_record
